{"C:\\Users\\sanja\\OneDrive - Scaler School of Technology\\Desktop\\100xdevs-assignments\\assignments\\week-4\\middlewares\\02-authmiddleware.js": {"path":"C:\\Users\\sanja\\OneDrive - Scaler School of Technology\\Desktop\\100xdevs-assignments\\assignments\\week-4\\middlewares\\02-authmiddleware.js","all":false,"statementMap":{"0":{"start":{"line":1,"column":0},"end":{"line":1,"column":0}},"1":{"start":{"line":2,"column":0},"end":{"line":2,"column":98}},"2":{"start":{"line":3,"column":0},"end":{"line":3,"column":0}},"3":{"start":{"line":4,"column":0},"end":{"line":4,"column":35}},"4":{"start":{"line":5,"column":0},"end":{"line":5,"column":22}},"5":{"start":{"line":6,"column":0},"end":{"line":6,"column":134}},"6":{"start":{"line":7,"column":0},"end":{"line":7,"column":0}},"7":{"start":{"line":8,"column":0},"end":{"line":8,"column":0}},"8":{"start":{"line":9,"column":0},"end":{"line":9,"column":42}},"9":{"start":{"line":10,"column":0},"end":{"line":10,"column":45}},"10":{"start":{"line":11,"column":0},"end":{"line":11,"column":50}},"11":{"start":{"line":12,"column":0},"end":{"line":12,"column":41}},"12":{"start":{"line":13,"column":0},"end":{"line":13,"column":22}},"13":{"start":{"line":14,"column":0},"end":{"line":14,"column":12}},"14":{"start":{"line":15,"column":0},"end":{"line":15,"column":30}},"15":{"start":{"line":16,"column":0},"end":{"line":16,"column":48}},"16":{"start":{"line":17,"column":0},"end":{"line":17,"column":10}},"17":{"start":{"line":18,"column":0},"end":{"line":18,"column":5}},"18":{"start":{"line":19,"column":0},"end":{"line":19,"column":4}},"19":{"start":{"line":20,"column":0},"end":{"line":20,"column":1}},"20":{"start":{"line":21,"column":0},"end":{"line":21,"column":0}},"21":{"start":{"line":22,"column":0},"end":{"line":22,"column":28}},"22":{"start":{"line":23,"column":0},"end":{"line":23,"column":0}},"23":{"start":{"line":24,"column":0},"end":{"line":24,"column":28}},"24":{"start":{"line":25,"column":0},"end":{"line":25,"column":56}},"25":{"start":{"line":26,"column":0},"end":{"line":26,"column":3}},"26":{"start":{"line":27,"column":0},"end":{"line":27,"column":0}},"27":{"start":{"line":28,"column":0},"end":{"line":28,"column":21}}},"s":{"0":1,"1":1,"2":1,"3":1,"4":1,"5":1,"6":1,"7":1,"8":1,"9":3,"10":3,"11":3,"12":1,"13":3,"14":2,"15":2,"16":2,"17":2,"18":3,"19":3,"20":1,"21":1,"22":1,"23":1,"24":1,"25":1,"26":1,"27":1},"branchMap":{"0":{"type":"branch","line":10,"loc":{"start":{"line":10,"column":0},"end":{"line":20,"column":1}},"locations":[{"start":{"line":10,"column":0},"end":{"line":20,"column":1}}]},"1":{"type":"branch","line":12,"loc":{"start":{"line":12,"column":13},"end":{"line":12,"column":38}},"locations":[{"start":{"line":12,"column":13},"end":{"line":12,"column":38}}]},"2":{"type":"branch","line":12,"loc":{"start":{"line":12,"column":40},"end":{"line":14,"column":5}},"locations":[{"start":{"line":12,"column":40},"end":{"line":14,"column":5}}]},"3":{"type":"branch","line":14,"loc":{"start":{"line":14,"column":5},"end":{"line":18,"column":5}},"locations":[{"start":{"line":14,"column":5},"end":{"line":18,"column":5}}]},"4":{"type":"branch","line":24,"loc":{"start":{"line":24,"column":13},"end":{"line":26,"column":2}},"locations":[{"start":{"line":24,"column":13},"end":{"line":26,"column":2}}]}},"b":{"0":[3],"1":[2],"2":[1],"3":[2],"4":[1]},"fnMap":{"0":{"name":"authenticateAPIKey","decl":{"start":{"line":10,"column":0},"end":{"line":20,"column":1}},"loc":{"start":{"line":10,"column":0},"end":{"line":20,"column":1}},"line":10}},"f":{"0":3}}
}
